Removed Pin From Net: NetName=M3_PWM_Control Pin=U5-3
Removed Pin From Net: NetName=M3_DIR_Control Pin=U5-4
Removed Pin From Net: NetName=M3_DIR Pin=U5-13
Removed Pin From Net: NetName=M3_PWM Pin=U5-14
Removed Pin From Net: NetName=M1_PWM_Control Pin=U6-3
Removed Pin From Net: NetName=M1_DIR_Control Pin=U6-4
Removed Pin From Net: NetName=M2_PWM_Control Pin=U6-5
Removed Pin From Net: NetName=M2_DIR_Control Pin=U6-6
Removed Pin From Net: NetName=M2_DIR Pin=U6-11
Removed Pin From Net: NetName=M2_PWM Pin=U6-12
Removed Pin From Net: NetName=M1_DIR Pin=U6-13
Removed Pin From Net: NetName=M1_PWM Pin=U6-14
Added Pin To Net: NetName=M1_PWM_Control Pin=U5-3
Added Pin To Net: NetName=M1_DIR_Control Pin=U5-4
Added Pin To Net: NetName=M2_PWM_Control Pin=U5-5
Added Pin To Net: NetName=M2_DIR_Control Pin=U5-6
Added Pin To Net: NetName=M2_DIR Pin=U5-11
Added Pin To Net: NetName=M2_PWM Pin=U5-12
Added Pin To Net: NetName=M1_DIR Pin=U5-13
Added Pin To Net: NetName=M1_PWM Pin=U5-14
Added Pin To Net: NetName=M3_PWM_Control Pin=U6-3
Added Pin To Net: NetName=M3_DIR_Control Pin=U6-4
Added Pin To Net: NetName=M3_DIR Pin=U6-13
Added Pin To Net: NetName=M3_PWM Pin=U6-14
