Change Physical Footprint: Designator=C1 Old Footprint=CAPC1206(3216)190_N New Footprint=CAPC1206(3216)190_N
Change Physical Footprint: Designator=C2 Old Footprint=CAPC1608X90X35LL15T15 New Footprint=CAPC1608X90X35LL15T15
Change Physical Footprint: Designator=C3 Old Footprint=CAPC1608X90X35LL15T15 New Footprint=CAPC1608X90X35LL15T15
Change Physical Footprint: Designator=C4 Old Footprint=CAPC1608X90X35LL15T15 New Footprint=CAPC1608X90X35LL15T15
Change Physical Footprint: Designator=C5 Old Footprint=CAPC1608X90X35LL15T15 New Footprint=CAPC1608X90X35LL15T15
Change Physical Footprint: Designator=C6 Old Footprint=CAPC1608X90X35LL15T15 New Footprint=CAPC1608X90X35LL15T15
Change Physical Footprint: Designator=C7 Old Footprint=CAPC1206(3216)190_N New Footprint=CAPC1206(3216)190_N
Change Physical Footprint: Designator=C8 Old Footprint=CAPC1608X90X35LL15T15 New Footprint=CAPC1608X90X35LL15T15
Change Physical Footprint: Designator=C9 Old Footprint=CAPC1608X90X35LL15T15 New Footprint=CAPC1608X90X35LL15T15
Change Physical Footprint: Designator=C10 Old Footprint=CAPC1608X90X35LL15T15 New Footprint=CAPC1608X90X35LL15T15
Change Physical Footprint: Designator=C11 Old Footprint=CAPC1206(3216)190_N New Footprint=CAPC1206(3216)190_N
Change Physical Footprint: Designator=C12 Old Footprint=CAPC1608X90X35LL15T15 New Footprint=CAPC1608X90X35LL15T15
Change Physical Footprint: Designator=C13 Old Footprint=CAPC1608X90X35LL15T15 New Footprint=CAPC1608X90X35LL15T15
Change Physical Footprint: Designator=C14 Old Footprint=CAPC1608X90X35LL15T15 New Footprint=CAPC1608X90X35LL15T15
Change Physical Footprint: Designator=C15 Old Footprint=CAPC1608X90X35LL15T15 New Footprint=CAPC1608X90X35LL15T15
Change Physical Footprint: Designator=C16 Old Footprint=CAPC1608X90X35LL15T15 New Footprint=CAPC1608X90X35LL15T15
Change Physical Footprint: Designator=C17 Old Footprint=CAPC1206(3216)190_N New Footprint=CAPC1206(3216)190_N
Change Physical Footprint: Designator=C18 Old Footprint=CAPC1206(3216)190_N New Footprint=CAPC1206(3216)190_N
Change Physical Footprint: Designator=C19 Old Footprint=CAPC1206(3216)190_N New Footprint=CAPC1206(3216)190_N
Change Physical Footprint: Designator=C20 Old Footprint=CAPC1206(3216)190_N New Footprint=CAPC1206(3216)190_N
Change Physical Footprint: Designator=C21 Old Footprint=CAPC1206(3216)190_N New Footprint=CAPC1206(3216)190_N
Change Physical Footprint: Designator=C22 Old Footprint=CAPC1206(3216)190_N New Footprint=CAPC1206(3216)190_N
Change Physical Footprint: Designator=C23 Old Footprint=CAPC1206(3216)190_N New Footprint=CAPC1206(3216)190_N
Change Physical Footprint: Designator=C24 Old Footprint=CAPC1206(3216)190_N New Footprint=CAPC1206(3216)190_N
Change Physical Footprint: Designator=C25 Old Footprint=CAPC1206(3216)190_N New Footprint=CAPC1206(3216)190_N
Change Physical Footprint: Designator=C26 Old Footprint=CAPC1206(3216)190_N New Footprint=CAPC1206(3216)190_N
Change Physical Footprint: Designator=C27 Old Footprint=CAPC1206(3216)190_N New Footprint=CAPC1206(3216)190_N
Change Physical Footprint: Designator=C28 Old Footprint=CAPC1206(3216)190_N New Footprint=CAPC1206(3216)190_N
Change Physical Footprint: Designator=C29 Old Footprint=CAPC1206(3216)190_N New Footprint=CAPC1206(3216)190_N
Change Physical Footprint: Designator=C30 Old Footprint=CAPC1206(3216)190_N New Footprint=CAPC1206(3216)190_N
Change Physical Footprint: Designator=C31 Old Footprint=CAPC1206(3216)190_N New Footprint=CAPC1206(3216)190_N
Change Physical Footprint: Designator=C32 Old Footprint=CAPC1608X90X35LL15T15 New Footprint=CAPC1608X90X35LL15T15
Change Physical Footprint: Designator=C33 Old Footprint=CAPC1608X90X35LL15T15 New Footprint=CAPC1608X90X35LL15T15
Change Physical Footprint: Designator=C34 Old Footprint=CAPC1608X90X35LL15T15 New Footprint=CAPC1608X90X35LL15T15
Change Physical Footprint: Designator=J Old Footprint=CM1223-02SO New Footprint=CM1223-02SO
Change Physical Footprint: Designator=J1 Old Footprint=MICRO-MATCH 215079-4 New Footprint=Micro-MaTch 215079-4
Change Physical Footprint: Designator=J2 Old Footprint=MICRO-MATCH 215079-4 New Footprint=Micro-MaTch 215079-4
Change Physical Footprint: Designator=J3 Old Footprint=MICRO-MATCH 215079-4 New Footprint=Micro-MaTch 215079-4
Change Physical Footprint: Designator=J4 Old Footprint=MICRO-MATCH 215079-4 New Footprint=Micro-MaTch 215079-4
Change Physical Footprint: Designator=J5 Old Footprint=J New Footprint=J
Change Physical Footprint: Designator=J6 Old Footprint=J New Footprint=J
Change Physical Footprint: Designator=J7 Old Footprint=J New Footprint=J
Change Physical Footprint: Designator=J8 Old Footprint=J New Footprint=J
Change Physical Footprint: Designator=J9 Old Footprint=Samtec FTSH-105-01-L-DV-K New Footprint=Samtec FTSH-105-01-L-DV-K
Change Physical Footprint: Designator=J10 Old Footprint=J New Footprint=J
Change Physical Footprint: Designator=J11 Old Footprint=Amphenol 10118193-0001LF New Footprint=Amphenol 10118193-0001LF
Change Physical Footprint: Designator=J12 Old Footprint=J New Footprint=J
Change Physical Footprint: Designator=J13 Old Footprint=J New Footprint=J
Change Physical Footprint: Designator=J14 Old Footprint=J New Footprint=J
Change Physical Footprint: Designator=Q1 Old Footprint=BUK6Y10-30P New Footprint=BUK6Y10-30P
Change Physical Footprint: Designator=R1 Old Footprint=RESC1609X55X30LL15T15 New Footprint=RESC1609X55X30LL15T15
Change Physical Footprint: Designator=R2 Old Footprint=RESC1609X55X30LL15T15 New Footprint=RESC1609X55X30LL15T15
Change Physical Footprint: Designator=R3 Old Footprint=RESC1608X55X30ML20T20 New Footprint=RESC1608X55X30ML20T20
Change Physical Footprint: Designator=R4 Old Footprint=RESC1608X55X30ML20T20 New Footprint=RESC1608X55X30ML20T20
Change Physical Footprint: Designator=R5 Old Footprint=RESC1609X55X30LL15T15 New Footprint=RESC1609X55X30LL15T15
Change Physical Footprint: Designator=R6 Old Footprint=RESC1609X55X30LL15T15 New Footprint=RESC1609X55X30LL15T15
Change Physical Footprint: Designator=R7 Old Footprint=RESC1608X55X30ML20T20 New Footprint=RESC1608X55X30ML20T20
Change Physical Footprint: Designator=R8 Old Footprint=RESC1608X55X30ML20T20 New Footprint=RESC1608X55X30ML20T20
Change Physical Footprint: Designator=R9 Old Footprint=RESC1609X55X30LL15T15 New Footprint=RESC1609X55X30LL15T15
Change Physical Footprint: Designator=R10 Old Footprint=RESC1609X55X30LL15T15 New Footprint=RESC1609X55X30LL15T15
Change Physical Footprint: Designator=R11 Old Footprint=RESC1608X55X30ML20T20 New Footprint=RESC1608X55X30ML20T20
Change Physical Footprint: Designator=R12 Old Footprint=RESC1608X55X30ML20T20 New Footprint=RESC1608X55X30ML20T20
Change Physical Footprint: Designator=U1 Old Footprint=DRV8243 New Footprint=DRV8243
Change Physical Footprint: Designator=U2 Old Footprint=DRV8243 New Footprint=DRV8243
Change Physical Footprint: Designator=U3 Old Footprint=DRV8243 New Footprint=DRV8243
Change Physical Footprint: Designator=U4 Old Footprint=STM32G441KB New Footprint=STM32G441KB
Change Physical Footprint: Designator=U5 Old Footprint=MAX14930DASE+ New Footprint=MAX14930DASE+
Change Physical Footprint: Designator=U6 Old Footprint=MAX14930DASE+ New Footprint=MAX14930DASE+
Change Physical Footprint: Designator=U7 Old Footprint=NCV8730ASN500T1G New Footprint=NCV8730ASN500T1G
Change Physical Footprint: Designator=U8 Old Footprint=NCV8730ASN500T1G New Footprint=NCV8730ASN500T1G
